<?xml version="1.0" encoding="UTF-8"?>
<!-- Generated by org.testng.reporters.JUnitReportReporter -->
<testsuite skipped="0" hostname="DESKTOP-97HQ61N" name="actiTimeTest.TestLogin" tests="4" failures="0" timestamp="19 Aug 2018 05:45:46 GMT" time="323.657" errors="0">
  <testcase name="testValidCredentials" time="108.467" classname="actiTimeTest.TestLogin"/>
  <testcase name="testInvalidUn" time="55.212" classname="actiTimeTest.TestLogin"/>
  <testcase name="testInvalidPw" time="61.816" classname="actiTimeTest.TestLogin"/>
  <testcase name="testInvalidUnAndPw" time="98.162" classname="actiTimeTest.TestLogin"/>
</testsuite> <!-- actiTimeTest.TestLogin -->
