<?xml version="1.0" encoding="UTF-8"?>
<!-- Generated by org.testng.reporters.JUnitReportReporter -->
<testsuite skipped="0" hostname="DESKTOP-97HQ61N" name="actiTimeTest.TestHome" tests="1" failures="0" timestamp="19 Aug 2018 05:49:44 GMT" time="151.615" errors="0">
  <testcase name="testLogout" time="151.615" classname="actiTimeTest.TestHome"/>
</testsuite> <!-- actiTimeTest.TestHome -->
